<?xml version="1.0" encoding="UTF-8"?>
<!-- Generated by org.testng.reporters.JUnitReportReporter -->
<testsuite hostname="WIN10-434MMJ2" failures="0" tests="3" name="cucumberoptions.TestNGTestRunner" time="84.724" errors="0" timestamp="2024-11-29T17:54:05 IST" skipped="0">
  <testcase classname="cucumberoptions.TestNGTestRunner" name="runScenario" time="11.009"/>
  <system-out/>
  <testcase classname="cucumberoptions.TestNGTestRunner" name="runScenario" time="26.275"/>
  <system-out/>
  <testcase classname="cucumberoptions.TestNGTestRunner" name="runScenario" time="47.440"/>
  <system-out/>
</testsuite> <!-- cucumberoptions.TestNGTestRunner -->
